#
# There is insufficient memory for the Java Runtime Environment to continue.
# Native memory allocation (malloc) failed to allocate 32744 bytes for ChunkPool::allocate
# Possible reasons:
#   The system is out of physical RAM or swap space
#   The process is running with CompressedOops enabled, and the Java Heap may be blocking the growth of the native heap
# Possible solutions:
#   Reduce memory load on the system
#   Increase physical memory or swap space
#   Check if swap backing store is full
#   Decrease Java heap size (-Xmx/-Xms)
#   Decrease number of Java threads
#   Decrease Java thread stack sizes (-Xss)
#   Set larger code cache with -XX:ReservedCodeCacheSize=
#   JVM is running with Unscaled Compressed Oops mode in which the Java heap is
#     placed in the first 4GB address space. The Java Heap base address is the
#     maximum limit for the native heap growth. Please use -XX:HeapBaseMinAddress
#     to set the Java Heap base and to place the Java Heap above 4GB virtual address.
# This output file may be truncated or incomplete.
#
#  Out of Memory Error (allocation.cpp:272), pid=9804, tid=0x0000000000007304
#
# JRE version: Java(TM) SE Runtime Environment (8.0_202-b08) (build 1.8.0_202-b08)
# Java VM: Java HotSpot(TM) 64-Bit Server VM (25.202-b08 mixed mode windows-amd64 compressed oops)
# Failed to write core dump. Minidumps are not enabled by default on client versions of Windows
#

---------------  T H R E A D  ---------------

Current thread (0x000000001a03f800):  JavaThread "TestNG" [_thread_in_vm, id=29444, stack(0x000000001bfc0000,0x000000001c0c0000)]

Stack: [0x000000001bfc0000,0x000000001c0c0000]
[error occurred during error reporting (printing stack bounds), id 0xc0000005]

Native frames: (J=compiled Java code, j=interpreted, Vv=VM code, C=native code)

Java frames: (J=compiled Java code, j=interpreted, Vv=VM code)
j  com.fasterxml.jackson.annotation.JsonAutoDetect$Visibility.isVisible(Ljava/lang/reflect/Member;)Z+0
j  com.fasterxml.jackson.databind.introspect.VisibilityChecker$Std.isFieldVisible(Ljava/lang/reflect/Field;)Z+5
j  com.fasterxml.jackson.databind.introspect.VisibilityChecker$Std.isFieldVisible(Lcom/fasterxml/jackson/databind/introspect/AnnotatedField;)Z+5
j  com.fasterxml.jackson.databind.introspect.POJOPropertiesCollector._addFields(Ljava/util/Map;)V+349
j  com.fasterxml.jackson.databind.introspect.POJOPropertiesCollector.collectAll()V+10
j  com.fasterxml.jackson.databind.introspect.POJOPropertiesCollector.getJsonValueAccessor()Lcom/fasterxml/jackson/databind/introspect/AnnotatedMember;+8
j  com.fasterxml.jackson.databind.introspect.BasicBeanDescription.findJsonValueAccessor()Lcom/fasterxml/jackson/databind/introspect/AnnotatedMember;+15
j  com.fasterxml.jackson.databind.ser.BasicSerializerFactory.findSerializerByAnnotations(Lcom/fasterxml/jackson/databind/SerializerProvider;Lcom/fasterxml/jackson/databind/JavaType;Lcom/fasterxml/jackson/databind/BeanDescription;)Lcom/fasterxml/jackson/databind/JsonSerializer;+21
j  com.fasterxml.jackson.databind.ser.BeanSerializerFactory._createSerializer2(Lcom/fasterxml/jackson/databind/SerializerProvider;Lcom/fasterxml/jackson/databind/JavaType;Lcom/fasterxml/jackson/databind/BeanDescription;Z)Lcom/fasterxml/jackson/databind/JsonSerializer;+140
j  com.fasterxml.jackson.databind.ser.BeanSerializerFactory.createSerializer(Lcom/fasterxml/jackson/databind/SerializerProvider;Lcom/fasterxml/jackson/databind/JavaType;)Lcom/fasterxml/jackson/databind/JsonSerializer;+142
j  com.fasterxml.jackson.databind.SerializerProvider._createUntypedSerializer(Lcom/fasterxml/jackson/databind/JavaType;)Lcom/fasterxml/jackson/databind/JsonSerializer;+6
j  com.fasterxml.jackson.databind.SerializerProvider._createAndCacheUntypedSerializer(Ljava/lang/Class;)Lcom/fasterxml/jackson/databind/JsonSerializer;+11
j  com.fasterxml.jackson.databind.SerializerProvider.findValueSerializer(Ljava/lang/Class;Lcom/fasterxml/jackson/databind/BeanProperty;)Lcom/fasterxml/jackson/databind/JsonSerializer;+48
j  com.fasterxml.jackson.databind.SerializerProvider.findTypedValueSerializer(Ljava/lang/Class;ZLcom/fasterxml/jackson/databind/BeanProperty;)Lcom/fasterxml/jackson/databind/JsonSerializer;+39
j  com.fasterxml.jackson.databind.ser.DefaultSerializerProvider.serializeValue(Lcom/fasterxml/jackson/core/JsonGenerator;Ljava/lang/Object;)V+24
j  com.fasterxml.jackson.databind.ObjectMapper._writeValueAndClose(Lcom/fasterxml/jackson/core/JsonGenerator;Ljava/lang/Object;)V+37
j  com.fasterxml.jackson.databind.ObjectMapper.writeValue(Ljava/io/File;Ljava/lang/Object;)V+10
j  io.qameta.allure.FileSystemResultsWriter.write(Lio/qameta/allure/model/TestResult;)V+54
j  io.qameta.allure.AllureLifecycle.writeTestCase(Ljava/lang/String;)V+49
j  io.qameta.allure.cucumber6jvm.AllureCucumber6Jvm.handleTestCaseFinished(Lio/cucumber/plugin/event/TestCaseFinished;)V+55
j  io.qameta.allure.cucumber6jvm.AllureCucumber6Jvm$$Lambda$59.receive(Ljava/lang/Object;)V+8
j  io.cucumber.core.eventbus.AbstractEventPublisher.send(Ljava/lang/Object;)V+129
j  io.cucumber.core.eventbus.AbstractEventBus.send(Ljava/lang/Object;)V+2
j  io.cucumber.core.runtime.SynchronizedEventBus.send(Ljava/lang/Object;)V+5
j  io.cucumber.core.runtime.ThreadLocalRunnerSupplier$LocalEventBus.send(Ljava/lang/Object;)V+10
j  io.cucumber.core.runner.TestCase.emitTestCaseFinished(Lio/cucumber/core/eventbus/EventBus;Ljava/util/UUID;Ljava/time/Instant;Ljava/time/Duration;Lio/cucumber/plugin/event/Status;Lio/cucumber/plugin/event/Result;)V+12
j  io.cucumber.core.runner.TestCase.run(Lio/cucumber/core/eventbus/EventBus;)V+264
j  io.cucumber.core.runner.Runner.runPickle(Lio/cucumber/core/gherkin/Pickle;)V+38
j  io.cucumber.testng.TestNGCucumberRunner.lambda$runScenario$0(Lio/cucumber/testng/Pickle;Lio/cucumber/core/runner/Runner;)V+15
j  io.cucumber.testng.TestNGCucumberRunner$$Lambda$118.accept(Ljava/lang/Object;)V+8
j  io.cucumber.core.runtime.CucumberExecutionContext.runTestCase(Ljava/util/function/Consumer;)V+7
j  io.cucumber.testng.TestNGCucumberRunner.runScenario(Lio/cucumber/testng/Pickle;)V+10
j  io.cucumber.testng.AbstractTestNGCucumberTests.runScenario(Lio/cucumber/testng/PickleWrapper;Lio/cucumber/testng/FeatureWrapper;)V+10
v  ~StubRoutines::call_stub
j  sun.reflect.NativeMethodAccessorImpl.invoke0(Ljava/lang/reflect/Method;Ljava/lang/Object;[Ljava/lang/Object;)Ljava/lang/Object;+0
j  sun.reflect.NativeMethodAccessorImpl.invoke(Ljava/lang/Object;[Ljava/lang/Object;)Ljava/lang/Object;+100
j  sun.reflect.DelegatingMethodAccessorImpl.invoke(Ljava/lang/Object;[Ljava/lang/Object;)Ljava/lang/Object;+6
j  java.lang.reflect.Method.invoke(Ljava/lang/Object;[Ljava/lang/Object;)Ljava/lang/Object;+56
j  org.testng.internal.MethodInvocationHelper.invokeMethod(Ljava/lang/reflect/Method;Ljava/lang/Object;[Ljava/lang/Object;)Ljava/lang/Object;+235
j  org.testng.internal.Invoker.invokeMethod(Ljava/lang/Object;Lorg/testng/ITestNGMethod;[Ljava/lang/Object;ILorg/testng/xml/XmlSuite;Ljava/util/Map;Lorg/testng/ITestClass;[Lorg/testng/ITestNGMethod;[Lorg/testng/ITestNGMethod;Lorg/testng/internal/ConfigurationGroupMethods;Lorg/testng/internal/Invoker$FailureContext;)Lorg/testng/ITestResult;+277
j  org.testng.internal.Invoker.invokeTestMethod(Ljava/lang/Object;Lorg/testng/ITestNGMethod;[Ljava/lang/Object;ILorg/testng/xml/XmlSuite;Ljava/util/Map;Lorg/testng/ITestClass;[Lorg/testng/ITestNGMethod;[Lorg/testng/ITestNGMethod;Lorg/testng/internal/ConfigurationGroupMethods;Lorg/testng/internal/Invoker$FailureContext;)Lorg/testng/ITestResult;+29
j  org.testng.internal.Invoker.invokeTestMethods(Lorg/testng/ITestNGMethod;Lorg/testng/xml/XmlSuite;Ljava/util/Map;Lorg/testng/internal/ConfigurationGroupMethods;Ljava/lang/Object;Lorg/testng/ITestContext;)Ljava/util/List;+664
j  org.testng.internal.TestMethodWorker.invokeTestMethods(Lorg/testng/ITestNGMethod;Ljava/lang/Object;Lorg/testng/ITestContext;)V+19
j  org.testng.internal.TestMethodWorker.run()V+60
j  org.testng.TestRunner.privateRun(Lorg/testng/xml/XmlTest;)V+358
j  org.testng.TestRunner.run()V+26
j  org.testng.SuiteRunner.runTest(Lorg/testng/TestRunner;)V+1
j  org.testng.SuiteRunner.access$000(Lorg/testng/SuiteRunner;Lorg/testng/TestRunner;)V+2
j  org.testng.SuiteRunner$SuiteWorker.run()V+47
j  org.testng.internal.thread.ThreadUtil$2.call()Ljava/lang/Object;+4
j  java.util.concurrent.FutureTask.run()V+42
j  java.util.concurrent.ThreadPoolExecutor.runWorker(Ljava/util/concurrent/ThreadPoolExecutor$Worker;)V+95
j  java.util.concurrent.ThreadPoolExecutor$Worker.run()V+5
j  java.lang.Thread.run()V+11
v  ~StubRoutines::call_stub

---------------  P R O C E S S  ---------------

Java Threads: ( => current thread )
  0x000000001cbe2000 JavaThread "Okio Watchdog" daemon [_thread_blocked, id=24672, stack(0x000000001e4b0000,0x000000001e5b0000)]
  0x000000001cbe5800 JavaThread "OkHttp ConnectionPool" daemon [_thread_blocked, id=21972, stack(0x000000001e3b0000,0x000000001e4b0000)]
  0x000000001b4ec800 JavaThread "Exec Stream Pumper" daemon [_thread_in_native, id=21300, stack(0x000000001e0b0000,0x000000001e1b0000)]
  0x000000001aee9000 JavaThread "Exec Stream Pumper" daemon [_thread_in_native, id=8068, stack(0x000000001dfb0000,0x000000001e0b0000)]
  0x000000001b50e000 JavaThread "UrlChecker-2" daemon [_thread_blocked, id=19292, stack(0x000000001ddb0000,0x000000001deb0000)]
  0x000000001b514800 JavaThread "Exec Default Executor" daemon [_thread_in_native, id=27480, stack(0x000000001c2c0000,0x000000001c3c0000)]
=>0x000000001a03f800 JavaThread "TestNG" [_thread_in_vm, id=29444, stack(0x000000001bfc0000,0x000000001c0c0000)]
  0x0000000019acc800 JavaThread "Service Thread" daemon [_thread_blocked, id=18224, stack(0x000000001a5b0000,0x000000001a6b0000)]
  0x0000000019a6d800 JavaThread "C1 CompilerThread2" daemon [_thread_blocked, id=14008, stack(0x000000001a4b0000,0x000000001a5b0000)]
  0x00000000199ae000 JavaThread "C2 CompilerThread1" daemon [_thread_in_native, id=29112, stack(0x000000001a3b0000,0x000000001a4b0000)]
  0x00000000199ad800 JavaThread "C2 CompilerThread0" daemon [_thread_blocked, id=25932, stack(0x000000001a2b0000,0x000000001a3b0000)]
  0x0000000019918000 JavaThread "Monitor Ctrl-Break" daemon [_thread_in_native, id=21188, stack(0x000000001a1b0000,0x000000001a2b0000)]
  0x0000000017f5f000 JavaThread "Attach Listener" daemon [_thread_blocked, id=14488, stack(0x00000000194b0000,0x00000000195b0000)]
  0x0000000017f5d800 JavaThread "Signal Dispatcher" daemon [_thread_blocked, id=804, stack(0x00000000193b0000,0x00000000194b0000)]
  0x0000000017f40800 JavaThread "Finalizer" daemon [_thread_blocked, id=17304, stack(0x00000000191b0000,0x00000000192b0000)]
  0x0000000003429000 JavaThread "Reference Handler" daemon [_thread_blocked, id=26556, stack(0x00000000190b0000,0x00000000191b0000)]
  0x0000000003337000 JavaThread "main" [_thread_blocked, id=10468, stack(0x00000000030b0000,0x00000000031b0000)]

Other Threads:
  0x0000000017f17000 VMThread [stack: 0x0000000018fb0000,0x00000000190b0000] [id=10616]
  0x0000000019b53800 WatcherThread [stack: 0x000000001a6b0000,0x000000001a7b0000] [id=124]

VM state:not at safepoint (normal execution)

VM Mutex/Monitor currently owned by a thread: None

heap address: 0x0000000081e00000, size: 2018 MB, Compressed Oops mode: 32-bit
Narrow klass base: 0x0000000000000000, Narrow klass shift: 3
Compressed class space size: 1073741824 Address: 0x0000000100000000

Heap:
 PSYoungGen      total 99328K, used 37264K [0x00000000d5f80000, 0x00000000dcb80000, 0x0000000100000000)
  eden space 88576K, 42% used [0x00000000d5f80000,0x00000000d83e42f8,0x00000000db600000)
  from space 10752K, 0% used [0x00000000dc000000,0x00000000dc000000,0x00000000dca80000)
  to   space 10240K, 0% used [0x00000000db600000,0x00000000db600000,0x00000000dc000000)
 ParOldGen       total 76288K, used 11187K [0x0000000081e00000, 0x0000000086880000, 0x00000000d5f80000)
  object space 76288K, 14% used [0x0000000081e00000,0x00000000828ecd48,0x0000000086880000)
 Metaspace       used 34791K, capacity 36124K, committed 36312K, reserved 1081344K
  class space    used 4213K, capacity 4536K, committed 4608K, reserved 1048576K

Card table byte_map: [0x00000000127f0000,0x0000000012bf0000] byte_map_base: 0x00000000123e1000

Marking Bits: (ParMarkBitMap*) 0x0000000073275ce0
 Begin Bits: [0x00000000132a0000, 0x0000000015228000)
 End Bits:   [0x0000000015228000, 0x00000000171b0000)

Polling page: 0x0000000001630000

CodeCache: size=245760Kb used=9533Kb max_used=9533Kb free=236226Kb
 bounds [0x0000000003430000, 0x0000000003d90000, 0x0000000012430000]
 total_blobs=3343 nmethods=2854 adapters=400
 compilation: enabled

Compilation events (10 events):
Event: 23.478 Thread 0x0000000019a6d800 nmethod 3069 0x0000000003d7ec10 code [0x0000000003d7eda0, 0x0000000003d7f158]
Event: 23.478 Thread 0x0000000019a6d800 3070       3       java.lang.invoke.MethodHandle::bindArgumentL (10 bytes)
Event: 23.479 Thread 0x0000000019a6d800 nmethod 3070 0x0000000003d82250 code [0x0000000003d82400, 0x0000000003d82a88]
Event: 23.482 Thread 0x0000000019a6d800 3072       3       java.lang.Class::copyConstructors (38 bytes)
Event: 23.483 Thread 0x0000000019a6d800 nmethod 3072 0x0000000003d82e90 code [0x0000000003d830a0, 0x0000000003d83b68]
Event: 23.483 Thread 0x0000000019a6d800 3071       3       java.lang.Class::getDeclaredConstructors (18 bytes)
Event: 23.483 Thread 0x0000000019a6d800 nmethod 3071 0x0000000003d80fd0 code [0x0000000003d81160, 0x0000000003d81398]
Event: 23.510 Thread 0x0000000019a6d800 3073       3       sun.misc.ProxyGenerator::addProxyMethod (234 bytes)
Event: 23.513 Thread 0x0000000019a6d800 nmethod 3073 0x0000000003d84090 code [0x0000000003d843e0, 0x0000000003d86068]
Event: 23.534 Thread 0x00000000199ae000 3074   !   4       org.aspectj.weaver.loadtime.Aj::preProcess (384 bytes)

GC Heap History (10 events):
Event: 7.657 GC heap before
{Heap before GC invocations=6 (full 1):
 PSYoungGen      total 38400K, used 33280K [0x00000000d5f80000, 0x00000000daa80000, 0x0000000100000000)
  eden space 33280K, 100% used [0x00000000d5f80000,0x00000000d8000000,0x00000000d8000000)
  from space 5120K, 0% used [0x00000000d8500000,0x00000000d8500000,0x00000000d8a00000)
  to   space 5120K, 0% used [0x00000000d8000000,0x00000000d8000000,0x00000000d8500000)
 ParOldGen       total 54272K, used 7099K [0x0000000081e00000, 0x0000000085300000, 0x00000000d5f80000)
  object space 54272K, 13% used [0x0000000081e00000,0x00000000824eee10,0x0000000085300000)
 Metaspace       used 23783K, capacity 24542K, committed 24704K, reserved 1071104K
  class space    used 2730K, capacity 2925K, committed 2944K, reserved 1048576K
Event: 7.660 GC heap after
Heap after GC invocations=6 (full 1):
 PSYoungGen      total 38400K, used 3562K [0x00000000d5f80000, 0x00000000da900000, 0x0000000100000000)
  eden space 33280K, 0% used [0x00000000d5f80000,0x00000000d5f80000,0x00000000d8000000)
  from space 5120K, 69% used [0x00000000d8000000,0x00000000d837a890,0x00000000d8500000)
  to   space 9728K, 0% used [0x00000000d9f80000,0x00000000d9f80000,0x00000000da900000)
 ParOldGen       total 54272K, used 7099K [0x0000000081e00000, 0x0000000085300000, 0x00000000d5f80000)
  object space 54272K, 13% used [0x0000000081e00000,0x00000000824eee10,0x0000000085300000)
 Metaspace       used 23783K, capacity 24542K, committed 24704K, reserved 1071104K
  class space    used 2730K, capacity 2925K, committed 2944K, reserved 1048576K
}
Event: 8.799 GC heap before
{Heap before GC invocations=7 (full 1):
 PSYoungGen      total 38400K, used 36842K [0x00000000d5f80000, 0x00000000da900000, 0x0000000100000000)
  eden space 33280K, 100% used [0x00000000d5f80000,0x00000000d8000000,0x00000000d8000000)
  from space 5120K, 69% used [0x00000000d8000000,0x00000000d837a890,0x00000000d8500000)
  to   space 9728K, 0% used [0x00000000d9f80000,0x00000000d9f80000,0x00000000da900000)
 ParOldGen       total 54272K, used 7099K [0x0000000081e00000, 0x0000000085300000, 0x00000000d5f80000)
  object space 54272K, 13% used [0x0000000081e00000,0x00000000824eee10,0x0000000085300000)
 Metaspace       used 26628K, capacity 27646K, committed 27776K, reserved 1073152K
  class space    used 3153K, capacity 3385K, committed 3456K, reserved 1048576K
Event: 8.806 GC heap after
Heap after GC invocations=7 (full 1):
 PSYoungGen      total 62464K, used 5092K [0x00000000d5f80000, 0x00000000da700000, 0x0000000100000000)
  eden space 54784K, 0% used [0x00000000d5f80000,0x00000000d5f80000,0x00000000d9500000)
  from space 7680K, 66% used [0x00000000d9f80000,0x00000000da479140,0x00000000da700000)
  to   space 9216K, 0% used [0x00000000d9500000,0x00000000d9500000,0x00000000d9e00000)
 ParOldGen       total 54272K, used 7099K [0x0000000081e00000, 0x0000000085300000, 0x00000000d5f80000)
  object space 54272K, 13% used [0x0000000081e00000,0x00000000824eee10,0x0000000085300000)
 Metaspace       used 26628K, capacity 27646K, committed 27776K, reserved 1073152K
  class space    used 3153K, capacity 3385K, committed 3456K, reserved 1048576K
}
Event: 17.087 GC heap before
{Heap before GC invocations=8 (full 1):
 PSYoungGen      total 62464K, used 59876K [0x00000000d5f80000, 0x00000000da700000, 0x0000000100000000)
  eden space 54784K, 100% used [0x00000000d5f80000,0x00000000d9500000,0x00000000d9500000)
  from space 7680K, 66% used [0x00000000d9f80000,0x00000000da479140,0x00000000da700000)
  to   space 9216K, 0% used [0x00000000d9500000,0x00000000d9500000,0x00000000d9e00000)
 ParOldGen       total 54272K, used 7099K [0x0000000081e00000, 0x0000000085300000, 0x00000000d5f80000)
  object space 54272K, 13% used [0x0000000081e00000,0x00000000824eee10,0x0000000085300000)
 Metaspace       used 32607K, capacity 33904K, committed 34048K, reserved 1079296K
  class space    used 3940K, capacity 4242K, committed 4352K, reserved 1048576K
Event: 17.114 GC heap after
Heap after GC invocations=8 (full 1):
 PSYoungGen      total 64000K, used 9205K [0x00000000d5f80000, 0x00000000dca80000, 0x0000000100000000)
  eden space 54784K, 0% used [0x00000000d5f80000,0x00000000d5f80000,0x00000000d9500000)
  from space 9216K, 99% used [0x00000000d9500000,0x00000000d9dfd590,0x00000000d9e00000)
  to   space 10752K, 0% used [0x00000000dc000000,0x00000000dc000000,0x00000000dca80000)
 ParOldGen       total 54272K, used 7107K [0x0000000081e00000, 0x0000000085300000, 0x00000000d5f80000)
  object space 54272K, 13% used [0x0000000081e00000,0x00000000824f0e10,0x0000000085300000)
 Metaspace       used 32607K, capacity 33904K, committed 34048K, reserved 1079296K
  class space    used 3940K, capacity 4242K, committed 4352K, reserved 1048576K
}
Event: 18.052 GC heap before
{Heap before GC invocations=9 (full 1):
 PSYoungGen      total 64000K, used 24308K [0x00000000d5f80000, 0x00000000dca80000, 0x0000000100000000)
  eden space 54784K, 27% used [0x00000000d5f80000,0x00000000d6e3fd90,0x00000000d9500000)
  from space 9216K, 99% used [0x00000000d9500000,0x00000000d9dfd590,0x00000000d9e00000)
  to   space 10752K, 0% used [0x00000000dc000000,0x00000000dc000000,0x00000000dca80000)
 ParOldGen       total 54272K, used 7107K [0x0000000081e00000, 0x0000000085300000, 0x00000000d5f80000)
  object space 54272K, 13% used [0x0000000081e00000,0x00000000824f0e10,0x0000000085300000)
 Metaspace       used 34052K, capacity 35340K, committed 35416K, reserved 1081344K
  class space    used 4140K, capacity 4454K, committed 4480K, reserved 1048576K
Event: 18.064 GC heap after
Heap after GC invocations=9 (full 1):
 PSYoungGen      total 99328K, used 6376K [0x00000000d5f80000, 0x00000000dcb80000, 0x0000000100000000)
  eden space 88576K, 0% used [0x00000000d5f80000,0x00000000d5f80000,0x00000000db600000)
  from space 10752K, 59% used [0x00000000dc000000,0x00000000dc63a010,0x00000000dca80000)
  to   space 10240K, 0% used [0x00000000db600000,0x00000000db600000,0x00000000dc000000)
 ParOldGen       total 54272K, used 7115K [0x0000000081e00000, 0x0000000085300000, 0x00000000d5f80000)
  object space 54272K, 13% used [0x0000000081e00000,0x00000000824f2e10,0x0000000085300000)
 Metaspace       used 34052K, capacity 35340K, committed 35416K, reserved 1081344K
  class space    used 4140K, capacity 4454K, committed 4480K, reserved 1048576K
}
Event: 18.064 GC heap before
{Heap before GC invocations=10 (full 2):
 PSYoungGen      total 99328K, used 6376K [0x00000000d5f80000, 0x00000000dcb80000, 0x0000000100000000)
  eden space 88576K, 0% used [0x00000000d5f80000,0x00000000d5f80000,0x00000000db600000)
  from space 10752K, 59% used [0x00000000dc000000,0x00000000dc63a010,0x00000000dca80000)
  to   space 10240K, 0% used [0x00000000db600000,0x00000000db600000,0x00000000dc000000)
 ParOldGen       total 54272K, used 7115K [0x0000000081e00000, 0x0000000085300000, 0x00000000d5f80000)
  object space 54272K, 13% used [0x0000000081e00000,0x00000000824f2e10,0x0000000085300000)
 Metaspace       used 34052K, capacity 35340K, committed 35416K, reserved 1081344K
  class space    used 4140K, capacity 4454K, committed 4480K, reserved 1048576K
Event: 18.146 GC heap after
Heap after GC invocations=10 (full 2):
 PSYoungGen      total 99328K, used 0K [0x00000000d5f80000, 0x00000000dcb80000, 0x0000000100000000)
  eden space 88576K, 0% used [0x00000000d5f80000,0x00000000d5f80000,0x00000000db600000)
  from space 10752K, 0% used [0x00000000dc000000,0x00000000dc000000,0x00000000dca80000)
  to   space 10240K, 0% used [0x00000000db600000,0x00000000db600000,0x00000000dc000000)
 ParOldGen       total 76288K, used 11187K [0x0000000081e00000, 0x0000000086880000, 0x00000000d5f80000)
  object space 76288K, 14% used [0x0000000081e00000,0x00000000828ecd48,0x0000000086880000)
 Metaspace       used 34052K, capacity 35340K, committed 35416K, reserved 1081344K
  class space    used 4140K, capacity 4454K, committed 4480K, reserved 1048576K
}

Deoptimization events (10 events):
Event: 16.754 Thread 0x000000001a03f800 Uncommon trap: reason=bimorphic action=maybe_recompile pc=0x00000000037cfb90 method=java.io.DataInputStream.readInt()I @ 4
Event: 16.755 Thread 0x000000001a03f800 Uncommon trap: reason=bimorphic action=maybe_recompile pc=0x00000000037cfb90 method=java.io.DataInputStream.readInt()I @ 4
Event: 17.863 Thread 0x000000001a03f800 Uncommon trap: reason=unstable_if action=reinterpret pc=0x00000000038724e0 method=org.apache.xmlbeans.impl.store.Cur.isNormal()Z @ 60
Event: 17.863 Thread 0x000000001a03f800 Uncommon trap: reason=unstable_if action=reinterpret pc=0x0000000003c655a0 method=org.apache.xmlbeans.impl.store.Xobj.bitIsSet(I)Z @ 6
Event: 17.873 Thread 0x000000001a03f800 Uncommon trap: reason=unstable_if action=reinterpret pc=0x0000000003c935a4 method=javax.xml.namespace.QName.equals(Ljava/lang/Object;)Z @ 2
Event: 18.316 Thread 0x000000001a03f800 Uncommon trap: reason=class_check action=maybe_recompile pc=0x000000000390b090 method=com.google.common.collect.RegularImmutableMap.get(Ljava/lang/Object;[Lcom/google/common/collect/ImmutableMapEntry;I)Ljava/lang/Object; @ 11
Event: 18.316 Thread 0x000000001a03f800 Uncommon trap: reason=class_check action=maybe_recompile pc=0x000000000390b090 method=com.google.common.collect.RegularImmutableMap.get(Ljava/lang/Object;[Lcom/google/common/collect/ImmutableMapEntry;I)Ljava/lang/Object; @ 11
Event: 18.399 Thread 0x000000001a03f800 Uncommon trap: reason=class_check action=maybe_recompile pc=0x000000000390b090 method=com.google.common.collect.RegularImmutableMap.get(Ljava/lang/Object;[Lcom/google/common/collect/ImmutableMapEntry;I)Ljava/lang/Object; @ 11
Event: 18.399 Thread 0x000000001a03f800 Uncommon trap: reason=class_check action=maybe_recompile pc=0x000000000390b090 method=com.google.common.collect.RegularImmutableMap.get(Ljava/lang/Object;[Lcom/google/common/collect/ImmutableMapEntry;I)Ljava/lang/Object; @ 11
Event: 18.554 Thread 0x000000001a03f800 Uncommon trap: reason=unstable_if action=reinterpret pc=0x0000000003804094 method=java.util.HashMap$HashIterator.<init>(Ljava/util/HashMap;)V @ 45

Classes redefined (0 events):
No events

Internal exceptions (10 events):
Event: 22.198 Thread 0x000000001a03f800 Exception <a 'java/net/SocketTimeoutException': Read timed out> (0x00000000d7ffb360) thrown at [C:\re\workspace\8-2-build-windows-amd64-cygwin\jdk8u202\12323\hotspot\src\share\vm\prims\jni.cpp, line 736]
Event: 22.229 Thread 0x000000001a03f800 Exception <a 'java/net/SocketTimeoutException': Read timed out> (0x00000000d8025de0) thrown at [C:\re\workspace\8-2-build-windows-amd64-cygwin\jdk8u202\12323\hotspot\src\share\vm\prims\jni.cpp, line 736]
Event: 22.385 Thread 0x000000001a03f800 Exception <a 'java/net/SocketTimeoutException': Read timed out> (0x00000000d8038830) thrown at [C:\re\workspace\8-2-build-windows-amd64-cygwin\jdk8u202\12323\hotspot\src\share\vm\prims\jni.cpp, line 736]
Event: 22.415 Thread 0x000000001a03f800 Exception <a 'java/net/SocketTimeoutException': Read timed out> (0x00000000d8052fa8) thrown at [C:\re\workspace\8-2-build-windows-amd64-cygwin\jdk8u202\12323\hotspot\src\share\vm\prims\jni.cpp, line 736]
Event: 23.480 Thread 0x000000001a03f800 Exception <a 'java/lang/IncompatibleClassChangeError': Found class java.lang.Object, but interface was expected> (0x00000000d807b720) thrown at [C:\re\workspace\8-2-build-windows-amd64-cygwin\jdk8u202\12323\hotspot\src\share\vm\interpreter\linkResolver.cp
Event: 23.481 Thread 0x000000001a03f800 Exception <a 'java/lang/IncompatibleClassChangeError': Found class java.lang.Object, but interface was expected> (0x00000000d807f1f0) thrown at [C:\re\workspace\8-2-build-windows-amd64-cygwin\jdk8u202\12323\hotspot\src\share\vm\interpreter\linkResolver.cp
Event: 23.481 Thread 0x000000001a03f800 Exception <a 'java/lang/IncompatibleClassChangeError': Found class java.lang.Object, but interface was expected> (0x00000000d8082c10) thrown at [C:\re\workspace\8-2-build-windows-amd64-cygwin\jdk8u202\12323\hotspot\src\share\vm\interpreter\linkResolver.cp
Event: 23.482 Thread 0x000000001a03f800 Exception <a 'java/lang/IncompatibleClassChangeError': Found class java.lang.Object, but interface was expected> (0x00000000d80867b8) thrown at [C:\re\workspace\8-2-build-windows-amd64-cygwin\jdk8u202\12323\hotspot\src\share\vm\interpreter\linkResolver.cp
Event: 23.483 Thread 0x000000001a03f800 Exception <a 'java/lang/IncompatibleClassChangeError': Found class java.lang.Object, but interface was expected> (0x00000000d808a380) thrown at [C:\re\workspace\8-2-build-windows-amd64-cygwin\jdk8u202\12323\hotspot\src\share\vm\interpreter\linkResolver.cp
Event: 23.483 Thread 0x000000001a03f800 Exception <a 'sun/nio/fs/WindowsException'> (0x00000000d808e120) thrown at [C:\re\workspace\8-2-build-windows-amd64-cygwin\jdk8u202\12323\hotspot\src\share\vm\prims\jni.cpp, line 710]

Events (10 events):
Event: 23.548 loading class com/fasterxml/jackson/core/util/InternCache
Event: 23.548 loading class com/fasterxml/jackson/core/util/InternCache done
Event: 23.549 Executing VM operation: Deoptimize
Event: 23.549 Executing VM operation: Deoptimize done
Event: 23.550 loading class com/fasterxml/jackson/annotation/JsonGetter
Event: 23.550 loading class com/fasterxml/jackson/annotation/JsonGetter done
Event: 23.560 loading class com/fasterxml/jackson/annotation/JsonProperty
Event: 23.560 loading class com/fasterxml/jackson/annotation/JsonProperty done
Event: 23.561 loading class com/fasterxml/jackson/annotation/JsonAutoDetect$1
Event: 23.562 loading class com/fasterxml/jackson/annotation/JsonAutoDetect$1 done


Dynamic libraries:
0x00007ff7eb9e0000 - 0x00007ff7eba17000 	C:\Program Files\Java\jdk1.8.0_202\bin\java.exe
0x00007ff9a7b30000 - 0x00007ff9a7d28000 	C:\Windows\SYSTEM32\ntdll.dll
0x00007ff993310000 - 0x00007ff99332a000 	C:\Program Files\AVG\Antivirus\aswhook.dll
0x00007ff9a7320000 - 0x00007ff9a73e1000 	C:\Windows\System32\KERNEL32.DLL
0x00007ff9a5520000 - 0x00007ff9a581d000 	C:\Windows\System32\KERNELBASE.dll
0x00007ff9a2380000 - 0x00007ff9a2414000 	C:\Windows\SYSTEM32\apphelp.dll
0x00007ff9a5b60000 - 0x00007ff9a5c10000 	C:\Windows\System32\ADVAPI32.dll
0x00007ff9a74d0000 - 0x00007ff9a756e000 	C:\Windows\System32\msvcrt.dll
0x00007ff9a6890000 - 0x00007ff9a6930000 	C:\Windows\System32\sechost.dll
0x00007ff9a6e50000 - 0x00007ff9a6f73000 	C:\Windows\System32\RPCRT4.dll
0x00007ff9a5230000 - 0x00007ff9a5257000 	C:\Windows\System32\bcrypt.dll
0x00007ff9a75d0000 - 0x00007ff9a776d000 	C:\Windows\System32\USER32.dll
0x00007ff9a54f0000 - 0x00007ff9a5512000 	C:\Windows\System32\win32u.dll
0x00007ff9a5c10000 - 0x00007ff9a5c3b000 	C:\Windows\System32\GDI32.dll
0x00007ff9a5a40000 - 0x00007ff9a5b57000 	C:\Windows\System32\gdi32full.dll
0x00007ff9a5260000 - 0x00007ff9a52fd000 	C:\Windows\System32\msvcp_win.dll
0x00007ff9a5820000 - 0x00007ff9a5920000 	C:\Windows\System32\ucrtbase.dll
0x00007ff98f7d0000 - 0x00007ff98fa6a000 	C:\Windows\WinSxS\amd64_microsoft.windows.common-controls_6595b64144ccf1df_6.0.19041.4355_none_60b8b9eb71f62e16\COMCTL32.dll
0x00007ff9a6560000 - 0x00007ff9a658f000 	C:\Windows\System32\IMM32.DLL
0x0000000073300000 - 0x00000000733d2000 	C:\Program Files\Java\jdk1.8.0_202\jre\bin\msvcr100.dll
0x0000000072a50000 - 0x00000000732f5000 	C:\Program Files\Java\jdk1.8.0_202\jre\bin\server\jvm.dll
0x00007ff9a6590000 - 0x00007ff9a6598000 	C:\Windows\System32\PSAPI.DLL
0x00007ff99f900000 - 0x00007ff99f90a000 	C:\Windows\SYSTEM32\VERSION.dll
0x00007ff982660000 - 0x00007ff982687000 	C:\Windows\SYSTEM32\WINMM.dll
0x00007ff999fc0000 - 0x00007ff999fc9000 	C:\Windows\SYSTEM32\WSOCK32.dll
0x00007ff9a7050000 - 0x00007ff9a70bb000 	C:\Windows\System32\WS2_32.dll
0x00007ff99fac0000 - 0x00007ff99facf000 	C:\Program Files\Java\jdk1.8.0_202\jre\bin\verify.dll
0x00007ff998b10000 - 0x00007ff998b39000 	C:\Program Files\Java\jdk1.8.0_202\jre\bin\java.dll
0x00007ff998630000 - 0x00007ff998653000 	C:\Program Files\Java\jdk1.8.0_202\jre\bin\instrument.dll
0x00007ff99d970000 - 0x00007ff99d986000 	C:\Program Files\Java\jdk1.8.0_202\jre\bin\zip.dll
0x00007ff9a5df0000 - 0x00007ff9a655f000 	C:\Windows\System32\SHELL32.dll
0x00007ff9a3150000 - 0x00007ff9a38ef000 	C:\Windows\SYSTEM32\windows.storage.dll
0x00007ff9a7790000 - 0x00007ff9a7ae3000 	C:\Windows\System32\combase.dll
0x00007ff9a4b90000 - 0x00007ff9a4bbe000 	C:\Windows\SYSTEM32\Wldp.dll
0x00007ff9a6f80000 - 0x00007ff9a704d000 	C:\Windows\System32\OLEAUT32.dll
0x00007ff9a70c0000 - 0x00007ff9a716d000 	C:\Windows\System32\SHCORE.dll
0x00007ff9a7570000 - 0x00007ff9a75c5000 	C:\Windows\System32\shlwapi.dll
0x00007ff9a5110000 - 0x00007ff9a5134000 	C:\Windows\SYSTEM32\profapi.dll
0x00007ff99b730000 - 0x00007ff99b74a000 	C:\Program Files\JetBrains\IntelliJ IDEA Community Edition 2024.2.1\bin\breakgen64.dll
0x00007ff998bd0000 - 0x00007ff998bea000 	C:\Program Files\Java\jdk1.8.0_202\jre\bin\net.dll
0x00007ff992f20000 - 0x00007ff99310c000 	C:\Windows\SYSTEM32\urlmon.dll
0x00007ff98e800000 - 0x00007ff98eabe000 	C:\Windows\SYSTEM32\iertutil.dll
0x00007ff996670000 - 0x00007ff996698000 	C:\Windows\SYSTEM32\srvcli.dll
0x00007ff9a4730000 - 0x00007ff9a473c000 	C:\Windows\SYSTEM32\netutils.dll
0x00007ff9a48f0000 - 0x00007ff9a495a000 	C:\Windows\system32\mswsock.dll
0x00007ff9984b0000 - 0x00007ff9984d4000 	C:\Program Files\Java\jdk1.8.0_202\jre\bin\sunec.dll
0x00007ff9a45d0000 - 0x00007ff9a460b000 	C:\Windows\SYSTEM32\IPHLPAPI.DLL
0x00007ff9a7170000 - 0x00007ff9a7178000 	C:\Windows\System32\NSI.dll
0x00007ff99ce00000 - 0x00007ff99ce17000 	C:\Windows\SYSTEM32\dhcpcsvc6.DLL
0x00007ff99d930000 - 0x00007ff99d94d000 	C:\Windows\SYSTEM32\dhcpcsvc.DLL
0x00007ff9a4610000 - 0x00007ff9a46da000 	C:\Windows\SYSTEM32\DNSAPI.dll
0x00007ff998570000 - 0x00007ff998582000 	C:\Program Files\Java\jdk1.8.0_202\jre\bin\nio.dll
0x00007ff9a4af0000 - 0x00007ff9a4b08000 	C:\Windows\SYSTEM32\CRYPTSP.dll
0x00007ff9a41b0000 - 0x00007ff9a41e4000 	C:\Windows\system32\rsaenh.dll
0x00007ff9a5080000 - 0x00007ff9a50ae000 	C:\Windows\SYSTEM32\USERENV.dll
0x00007ff9a5460000 - 0x00007ff9a54e2000 	C:\Windows\System32\bcryptprimitives.dll
0x00007ff9a4ae0000 - 0x00007ff9a4aec000 	C:\Windows\SYSTEM32\CRYPTBASE.dll
0x00007ff99f290000 - 0x00007ff99f29b000 	C:\Program Files\Java\jdk1.8.0_202\jre\bin\sunmscapi.dll
0x00007ff9a5300000 - 0x00007ff9a545e000 	C:\Windows\System32\CRYPT32.dll
0x00007ff99aaa0000 - 0x00007ff99aaaa000 	C:\Windows\System32\rasadhlp.dll
0x00007ff99abd0000 - 0x00007ff99ac50000 	C:\Windows\System32\fwpuclnt.dll
0x00007ff9815d0000 - 0x00007ff9815e7000 	C:\Windows\system32\napinsp.dll
0x00007ff9815f0000 - 0x00007ff98160b000 	C:\Windows\system32\pnrpnsp.dll
0x00007ff99ffe0000 - 0x00007ff99fff5000 	C:\Windows\system32\wshbth.dll
0x00007ff99e3d0000 - 0x00007ff99e3ed000 	C:\Windows\system32\NLAapi.dll
0x00007ff981620000 - 0x00007ff981632000 	C:\Windows\System32\winrnr.dll
0x00007ff99e840000 - 0x00007ff99e84d000 	C:\Program Files\Java\jdk1.8.0_202\jre\bin\management.dll

VM Arguments:
jvm_args: -ea -javaagent:C:\Users\Lenovo\.m2\repository/org/aspectj/aspectjweaver/1.8.10/aspectjweaver-1.8.10.jar -Dcucumber.options=--plugin io.qameta.allure.cucumber6Jvm.AllureCucumber6Jvm -Didea.test.cyclic.buffer.size=1048576 -javaagent:C:\Program Files\JetBrains\IntelliJ IDEA Community Edition 2024.2.1\lib\idea_rt.jar=53333:C:\Program Files\JetBrains\IntelliJ IDEA Community Edition 2024.2.1\bin -Dfile.encoding=UTF-8 
java_command: com.intellij.rt.testng.RemoteTestNGStarter -usedefaultlisteners false -socket53332 @w@C:\Users\Lenovo\AppData\Local\Temp\idea_working_dirs_testng.tmp -temp C:\Users\Lenovo\AppData\Local\Temp\idea_testng.tmp
java_class_path (initial): C:\Program Files\JetBrains\IntelliJ IDEA Community Edition 2024.2.1\lib\idea_rt.jar;C:\Program Files\JetBrains\IntelliJ IDEA Community Edition 2024.2.1\plugins\testng\lib\testng-rt.jar;C:\Program Files\Java\jdk1.8.0_202\jre\lib\charsets.jar;C:\Program Files\Java\jdk1.8.0_202\jre\lib\deploy.jar;C:\Program Files\Java\jdk1.8.0_202\jre\lib\ext\access-bridge-64.jar;C:\Program Files\Java\jdk1.8.0_202\jre\lib\ext\cldrdata.jar;C:\Program Files\Java\jdk1.8.0_202\jre\lib\ext\dnsns.jar;C:\Program Files\Java\jdk1.8.0_202\jre\lib\ext\jaccess.jar;C:\Program Files\Java\jdk1.8.0_202\jre\lib\ext\jfxrt.jar;C:\Program Files\Java\jdk1.8.0_202\jre\lib\ext\localedata.jar;C:\Program Files\Java\jdk1.8.0_202\jre\lib\ext\nashorn.jar;C:\Program Files\Java\jdk1.8.0_202\jre\lib\ext\sunec.jar;C:\Program Files\Java\jdk1.8.0_202\jre\lib\ext\sunjce_provider.jar;C:\Program Files\Java\jdk1.8.0_202\jre\lib\ext\sunmscapi.jar;C:\Program Files\Java\jdk1.8.0_202\jre\lib\ext\sunpkcs11.jar;C:\Program Files\Java\jdk1.8.0_202\jre\lib\ext\zipfs.jar;C:\Program Files\Java\jdk1.8.0_202\jre\lib\javaws.jar;C:\Program Files\Java\jdk1.8.0_202\jre\lib\jce.jar;C:\Program Files\Java\jdk1.8.0_202\jre\lib\jfr.jar;C:\Program Files\Java\jdk1.8.0_202\jre\lib\jfxswt.jar;C:\Program Files\Java\jdk1.8.0_202\jre\lib\jsse.jar;C:\Program Files\Java\jdk1.8.0_202\jre\lib\management-agent.jar;C:\Program Files\Java\jdk1.8.0_202\jre\lib\plugin.jar;C:\Program Files\Java\jdk1.8.0_202\jre\lib\resources.jar;C:\Program Files\Java\jdk1.8.0_202\jre\lib\rt.jar;C:\Users\Lenovo\Desktop\QAprojekti\Automation_projekti\iponhu\target\test-classes;C:\Users\Lenovo\Desktop\QAprojekti\Automation_projekti\iponhu\target\classes;C:\Users\Lenovo\.m2\repository\org\seleniumhq\selenium\selenium-java\3.141.59\selenium-java-3.141.59.jar;C:\Users\Lenovo\.m2\repository\org\seleniumhq\selenium\selenium-api\3.141.59\selenium-api-3.141.59.jar;C:\Users\Lenovo\.m2\repository\org\seleniumhq\selenium\selenium-chrome-driver\3.141.59\selenium-c
Launcher Type: SUN_STANDARD

Environment Variables:
JAVA_HOME=C:\Program Files\Java\jdk-17
PATH=C:\Program Files (x86)\Common Files\Oracle\Java\javapath;C:\Program Files\Common Files\Oracle\Java\javapath;C:\Windows\system32;C:\Windows;C:\Windows\System32\Wbem;C:\Windows\System32\WindowsPowerShell\v1.0\;C:\Windows\System32\OpenSSH\;C:\Program Files\Git\cmd;c:\Program Files (x86)\Intel\Intel(R) Management Engine Components\DAL;c:\Program Files\Intel\Intel(R) Management Engine Components\DAL;C:\Users\Lenovo\AppData\Local\Microsoft\WindowsApps;C:\Program Files\JetBrains\IntelliJ IDEA Community Edition 2022.2.1\bin;;C:\Users\Lenovo\Desktop\QAprojekti\apache-maven-3.8.6\bin;C:\Users\Lenovo\Desktop\QAprojekti\allure-2.13.8\bin;
USERNAME=Lenovo
OS=Windows_NT
PROCESSOR_IDENTIFIER=Intel64 Family 6 Model 78 Stepping 3, GenuineIntel



---------------  S Y S T E M  ---------------

OS: Windows 10.0 , 64 bit Build 19041 (10.0.19041.4717)

CPU:total 4 (initial active 4) (2 cores per cpu, 2 threads per core) family 6 model 78 stepping 3, cmov, cx8, fxsr, mmx, sse, sse2, sse3, ssse3, sse4.1, sse4.2, popcnt, avx, avx2, aes, clmul, erms, rtm, 3dnowpref, lzcnt, ht, tsc, tscinvbit, bmi1, bmi2, adx

Memory: 4k page, physical 8265504k(402600k free), swap 21069852k(1620k free)

vm_info: Java HotSpot(TM) 64-Bit Server VM (25.202-b08) for windows-amd64 JRE (1.8.0_202-b08), built on Dec 15 2018 19:54:30 by "java_re" with MS VC++ 10.0 (VS2010)

time: Tue Sep 10 20:14:52 2024
timezone: Central Europe Daylight Time
elapsed time: 23 seconds (0d 0h 0m 23s)

