#
# There is insufficient memory for the Java Runtime Environment to continue.
# Native memory allocation (malloc) failed to allocate 32744 bytes for ChunkPool::allocate
# Possible reasons:
#   The system is out of physical RAM or swap space
#   The process is running with CompressedOops enabled, and the Java Heap may be blocking the growth of the native heap
# Possible solutions:
#   Reduce memory load on the system
#   Increase physical memory or swap space
#   Check if swap backing store is full
#   Decrease Java heap size (-Xmx/-Xms)
#   Decrease number of Java threads
#   Decrease Java thread stack sizes (-Xss)
#   Set larger code cache with -XX:ReservedCodeCacheSize=
#   JVM is running with Unscaled Compressed Oops mode in which the Java heap is
#     placed in the first 4GB address space. The Java Heap base address is the
#     maximum limit for the native heap growth. Please use -XX:HeapBaseMinAddress
#     to set the Java Heap base and to place the Java Heap above 4GB virtual address.
# This output file may be truncated or incomplete.
#
#  Out of Memory Error (allocation.cpp:272), pid=30348, tid=0x00000000000056bc
#
# JRE version: Java(TM) SE Runtime Environment (8.0_202-b08) (build 1.8.0_202-b08)
# Java VM: Java HotSpot(TM) 64-Bit Server VM (25.202-b08 mixed mode windows-amd64 compressed oops)
# Failed to write core dump. Minidumps are not enabled by default on client versions of Windows
#

---------------  T H R E A D  ---------------

Current thread (0x0000000019589800):  JavaThread "C2 CompilerThread1" daemon [_thread_in_native, id=22204, stack(0x0000000019ed0000,0x0000000019fd0000)]

Stack: [0x0000000019ed0000,0x0000000019fd0000]
[error occurred during error reporting (printing stack bounds), id 0xc0000005]

Native frames: (J=compiled Java code, j=interpreted, Vv=VM code, C=native code)


Current CompileTask:
C2:  15856 2267       4       java.net.URLClassLoader$1::run (5 bytes)


---------------  P R O C E S S  ---------------

Java Threads: ( => current thread )
  0x000000001b080000 JavaThread "Okio Watchdog" daemon [_thread_blocked, id=6152, stack(0x000000001dfc0000,0x000000001e0c0000)]
  0x000000001b07f000 JavaThread "OkHttp ConnectionPool" daemon [_thread_blocked, id=15892, stack(0x000000001dec0000,0x000000001dfc0000)]
  0x000000001af43000 JavaThread "Exec Stream Pumper" daemon [_thread_in_native, id=23988, stack(0x000000001dbc0000,0x000000001dcc0000)]
  0x000000001af3f800 JavaThread "Exec Stream Pumper" daemon [_thread_in_native, id=17648, stack(0x000000001dac0000,0x000000001dbc0000)]
  0x000000001b022000 JavaThread "UrlChecker-2" daemon [_thread_blocked, id=23508, stack(0x000000001d8c0000,0x000000001d9c0000)]
  0x000000001b27e800 JavaThread "Exec Default Executor" daemon [_thread_in_native, id=28340, stack(0x000000001bde0000,0x000000001bee0000)]
  0x0000000019b38000 JavaThread "TestNG" [_thread_in_native, id=24384, stack(0x000000001bae0000,0x000000001bbe0000)]
  0x0000000019590800 JavaThread "Service Thread" daemon [_thread_blocked, id=2176, stack(0x000000001a0d0000,0x000000001a1d0000)]
  0x0000000019591800 JavaThread "C1 CompilerThread2" daemon [_thread_blocked, id=10012, stack(0x0000000019fd0000,0x000000001a0d0000)]
=>0x0000000019589800 JavaThread "C2 CompilerThread1" daemon [_thread_in_native, id=22204, stack(0x0000000019ed0000,0x0000000019fd0000)]
  0x0000000019482000 JavaThread "C2 CompilerThread0" daemon [_thread_blocked, id=13580, stack(0x0000000019dd0000,0x0000000019ed0000)]
  0x00000000194ce800 JavaThread "Monitor Ctrl-Break" daemon [_thread_in_native, id=14244, stack(0x0000000019cd0000,0x0000000019dd0000)]
  0x0000000017a74000 JavaThread "Attach Listener" daemon [_thread_blocked, id=120, stack(0x0000000018fd0000,0x00000000190d0000)]
  0x0000000017a84000 JavaThread "Signal Dispatcher" daemon [_thread_blocked, id=5560, stack(0x0000000018ed0000,0x0000000018fd0000)]
  0x0000000002f4a000 JavaThread "Finalizer" daemon [_thread_blocked, id=31740, stack(0x0000000018cd0000,0x0000000018dd0000)]
  0x0000000002f47000 JavaThread "Reference Handler" daemon [_thread_blocked, id=25452, stack(0x0000000018bd0000,0x0000000018cd0000)]
  0x0000000002e57000 JavaThread "main" [_thread_blocked, id=21844, stack(0x0000000002bf0000,0x0000000002cf0000)]

Other Threads:
  0x0000000017a37800 VMThread [stack: 0x0000000018ad0000,0x0000000018bd0000] [id=5036]
  0x00000000195d7000 WatcherThread [stack: 0x000000001a1d0000,0x000000001a2d0000] [id=1532]

VM state:not at safepoint (normal execution)

VM Mutex/Monitor currently owned by a thread: None

heap address: 0x0000000081e00000, size: 2018 MB, Compressed Oops mode: 32-bit
Narrow klass base: 0x0000000000000000, Narrow klass shift: 3
Compressed class space size: 1073741824 Address: 0x0000000100000000

Heap:
 PSYoungGen      total 60928K, used 16594K [0x00000000d5f80000, 0x00000000dbf80000, 0x0000000100000000)
  eden space 51712K, 14% used [0x00000000d5f80000,0x00000000d66f81a8,0x00000000d9200000)
  from space 9216K, 97% used [0x00000000d9200000,0x00000000d9abc990,0x00000000d9b00000)
  to   space 10240K, 0% used [0x00000000db580000,0x00000000db580000,0x00000000dbf80000)
 ParOldGen       total 57344K, used 6994K [0x0000000081e00000, 0x0000000085600000, 0x00000000d5f80000)
  object space 57344K, 12% used [0x0000000081e00000,0x00000000824d4ba8,0x0000000085600000)
 Metaspace       used 32997K, capacity 34278K, committed 34560K, reserved 1079296K
  class space    used 3980K, capacity 4275K, committed 4352K, reserved 1048576K

Card table byte_map: [0x0000000012310000,0x0000000012710000] byte_map_base: 0x0000000011f01000

Marking Bits: (ParMarkBitMap*) 0x0000000073275ce0
 Begin Bits: [0x0000000012dc0000, 0x0000000014d48000)
 End Bits:   [0x0000000014d48000, 0x0000000016cd0000)

Polling page: 0x0000000000d20000

CodeCache: size=245760Kb used=8650Kb max_used=8650Kb free=237109Kb
 bounds [0x0000000002f50000, 0x00000000037d0000, 0x0000000011f50000]
 total_blobs=2979 nmethods=2504 adapters=387
 compilation: enabled

Compilation events (10 events):
Event: 14.352 Thread 0x0000000019591800 2489       3       org.apache.xmlbeans.impl.store.Cur$Locations::remove (229 bytes)
Event: 14.352 Thread 0x0000000019591800 nmethod 2489 0x00000000037b2810 code [0x00000000037b2a80, 0x00000000037b3778]
Event: 14.352 Thread 0x0000000019591800 2486       3       org.apache.xmlbeans.impl.store.Cur::isSamePos (60 bytes)
Event: 14.353 Thread 0x0000000019591800 nmethod 2486 0x00000000037b4010 code [0x00000000037b41a0, 0x00000000037b4688]
Event: 14.353 Thread 0x0000000019591800 2490       3       org.apache.xmlbeans.impl.store.Xobj::isXmlns (23 bytes)
Event: 14.353 Thread 0x0000000019591800 nmethod 2490 0x00000000037b4810 code [0x00000000037b4980, 0x00000000037b4da8]
Event: 14.353 Thread 0x0000000019591800 2491       3       org.apache.xmlbeans.impl.store.Locale::isXmlns (41 bytes)
Event: 14.354 Thread 0x0000000019591800 nmethod 2491 0x00000000037b4e90 code [0x00000000037b5020, 0x00000000037b54f8]
Event: 14.354 Thread 0x0000000019591800 2492       3       org.apache.xmlbeans.impl.store.Cur::isXmlns (23 bytes)
Event: 14.354 Thread 0x0000000019591800 nmethod 2492 0x00000000037b5690 code [0x00000000037b5860, 0x00000000037b6108]

GC Heap History (10 events):
Event: 4.149 GC heap before
{Heap before GC invocations=4 (full 0):
 PSYoungGen      total 38400K, used 25949K [0x00000000d5f80000, 0x00000000d8a00000, 0x0000000100000000)
  eden space 33280K, 62% used [0x00000000d5f80000,0x00000000d73d9638,0x00000000d8000000)
  from space 5120K, 99% used [0x00000000d8000000,0x00000000d84fe0a0,0x00000000d8500000)
  to   space 5120K, 0% used [0x00000000d8500000,0x00000000d8500000,0x00000000d8a00000)
 ParOldGen       total 87552K, used 4375K [0x0000000081e00000, 0x0000000087380000, 0x00000000d5f80000)
  object space 87552K, 4% used [0x0000000081e00000,0x0000000082245f70,0x0000000087380000)
 Metaspace       used 20449K, capacity 21000K, committed 21248K, reserved 1069056K
  class space    used 2280K, capacity 2442K, committed 2560K, reserved 1048576K
Event: 4.156 GC heap after
Heap after GC invocations=4 (full 0):
 PSYoungGen      total 38400K, used 5102K [0x00000000d5f80000, 0x00000000daa80000, 0x0000000100000000)
  eden space 33280K, 0% used [0x00000000d5f80000,0x00000000d5f80000,0x00000000d8000000)
  from space 5120K, 99% used [0x00000000d8500000,0x00000000d89fbb68,0x00000000d8a00000)
  to   space 5120K, 0% used [0x00000000d8000000,0x00000000d8000000,0x00000000d8500000)
 ParOldGen       total 87552K, used 6292K [0x0000000081e00000, 0x0000000087380000, 0x00000000d5f80000)
  object space 87552K, 7% used [0x0000000081e00000,0x0000000082425290,0x0000000087380000)
 Metaspace       used 20449K, capacity 21000K, committed 21248K, reserved 1069056K
  class space    used 2280K, capacity 2442K, committed 2560K, reserved 1048576K
}
Event: 4.156 GC heap before
{Heap before GC invocations=5 (full 1):
 PSYoungGen      total 38400K, used 5102K [0x00000000d5f80000, 0x00000000daa80000, 0x0000000100000000)
  eden space 33280K, 0% used [0x00000000d5f80000,0x00000000d5f80000,0x00000000d8000000)
  from space 5120K, 99% used [0x00000000d8500000,0x00000000d89fbb68,0x00000000d8a00000)
  to   space 5120K, 0% used [0x00000000d8000000,0x00000000d8000000,0x00000000d8500000)
 ParOldGen       total 87552K, used 6292K [0x0000000081e00000, 0x0000000087380000, 0x00000000d5f80000)
  object space 87552K, 7% used [0x0000000081e00000,0x0000000082425290,0x0000000087380000)
 Metaspace       used 20449K, capacity 21000K, committed 21248K, reserved 1069056K
  class space    used 2280K, capacity 2442K, committed 2560K, reserved 1048576K
Event: 4.189 GC heap after
Heap after GC invocations=5 (full 1):
 PSYoungGen      total 38400K, used 0K [0x00000000d5f80000, 0x00000000daa80000, 0x0000000100000000)
  eden space 33280K, 0% used [0x00000000d5f80000,0x00000000d5f80000,0x00000000d8000000)
  from space 5120K, 0% used [0x00000000d8500000,0x00000000d8500000,0x00000000d8a00000)
  to   space 5120K, 0% used [0x00000000d8000000,0x00000000d8000000,0x00000000d8500000)
 ParOldGen       total 57344K, used 6978K [0x0000000081e00000, 0x0000000085600000, 0x00000000d5f80000)
  object space 57344K, 12% used [0x0000000081e00000,0x00000000824d0ba8,0x0000000085600000)
 Metaspace       used 20449K, capacity 21000K, committed 21248K, reserved 1069056K
  class space    used 2280K, capacity 2442K, committed 2560K, reserved 1048576K
}
Event: 4.799 GC heap before
{Heap before GC invocations=6 (full 1):
 PSYoungGen      total 38400K, used 33280K [0x00000000d5f80000, 0x00000000daa80000, 0x0000000100000000)
  eden space 33280K, 100% used [0x00000000d5f80000,0x00000000d8000000,0x00000000d8000000)
  from space 5120K, 0% used [0x00000000d8500000,0x00000000d8500000,0x00000000d8a00000)
  to   space 5120K, 0% used [0x00000000d8000000,0x00000000d8000000,0x00000000d8500000)
 ParOldGen       total 57344K, used 6978K [0x0000000081e00000, 0x0000000085600000, 0x00000000d5f80000)
  object space 57344K, 12% used [0x0000000081e00000,0x00000000824d0ba8,0x0000000085600000)
 Metaspace       used 23731K, capacity 24494K, committed 24704K, reserved 1071104K
  class space    used 2721K, capacity 2925K, committed 2944K, reserved 1048576K
Event: 4.803 GC heap after
Heap after GC invocations=6 (full 1):
 PSYoungGen      total 38400K, used 3507K [0x00000000d5f80000, 0x00000000da600000, 0x0000000100000000)
  eden space 33280K, 0% used [0x00000000d5f80000,0x00000000d5f80000,0x00000000d8000000)
  from space 5120K, 68% used [0x00000000d8000000,0x00000000d836cfb8,0x00000000d8500000)
  to   space 9728K, 0% used [0x00000000d9c80000,0x00000000d9c80000,0x00000000da600000)
 ParOldGen       total 57344K, used 6986K [0x0000000081e00000, 0x0000000085600000, 0x00000000d5f80000)
  object space 57344K, 12% used [0x0000000081e00000,0x00000000824d2ba8,0x0000000085600000)
 Metaspace       used 23731K, capacity 24494K, committed 24704K, reserved 1071104K
  class space    used 2721K, capacity 2925K, committed 2944K, reserved 1048576K
}
Event: 6.021 GC heap before
{Heap before GC invocations=7 (full 1):
 PSYoungGen      total 38400K, used 36787K [0x00000000d5f80000, 0x00000000da600000, 0x0000000100000000)
  eden space 33280K, 100% used [0x00000000d5f80000,0x00000000d8000000,0x00000000d8000000)
  from space 5120K, 68% used [0x00000000d8000000,0x00000000d836cfb8,0x00000000d8500000)
  to   space 9728K, 0% used [0x00000000d9c80000,0x00000000d9c80000,0x00000000da600000)
 ParOldGen       total 57344K, used 6986K [0x0000000081e00000, 0x0000000085600000, 0x00000000d5f80000)
  object space 57344K, 12% used [0x0000000081e00000,0x00000000824d2ba8,0x0000000085600000)
 Metaspace       used 26530K, capacity 27526K, committed 27776K, reserved 1073152K
  class space    used 3139K, capacity 3371K, committed 3456K, reserved 1048576K
Event: 6.028 GC heap after
Heap after GC invocations=7 (full 1):
 PSYoungGen      total 59392K, used 5031K [0x00000000d5f80000, 0x00000000da400000, 0x0000000100000000)
  eden space 51712K, 0% used [0x00000000d5f80000,0x00000000d5f80000,0x00000000d9200000)
  from space 7680K, 65% used [0x00000000d9c80000,0x00000000da169eb8,0x00000000da400000)
  to   space 9216K, 0% used [0x00000000d9200000,0x00000000d9200000,0x00000000d9b00000)
 ParOldGen       total 57344K, used 6986K [0x0000000081e00000, 0x0000000085600000, 0x00000000d5f80000)
  object space 57344K, 12% used [0x0000000081e00000,0x00000000824d2ba8,0x0000000085600000)
 Metaspace       used 26530K, capacity 27526K, committed 27776K, reserved 1073152K
  class space    used 3139K, capacity 3371K, committed 3456K, reserved 1048576K
}
Event: 14.060 GC heap before
{Heap before GC invocations=8 (full 1):
 PSYoungGen      total 59392K, used 56743K [0x00000000d5f80000, 0x00000000da400000, 0x0000000100000000)
  eden space 51712K, 100% used [0x00000000d5f80000,0x00000000d9200000,0x00000000d9200000)
  from space 7680K, 65% used [0x00000000d9c80000,0x00000000da169eb8,0x00000000da400000)
  to   space 9216K, 0% used [0x00000000d9200000,0x00000000d9200000,0x00000000d9b00000)
 ParOldGen       total 57344K, used 6986K [0x0000000081e00000, 0x0000000085600000, 0x00000000d5f80000)
  object space 57344K, 12% used [0x0000000081e00000,0x00000000824d2ba8,0x0000000085600000)
 Metaspace       used 32227K, capacity 33472K, committed 33664K, reserved 1079296K
  class space    used 3878K, capacity 4178K, committed 4224K, reserved 1048576K
Event: 14.082 GC heap after
Heap after GC invocations=8 (full 1):
 PSYoungGen      total 60928K, used 8946K [0x00000000d5f80000, 0x00000000dbf80000, 0x0000000100000000)
  eden space 51712K, 0% used [0x00000000d5f80000,0x00000000d5f80000,0x00000000d9200000)
  from space 9216K, 97% used [0x00000000d9200000,0x00000000d9abc990,0x00000000d9b00000)
  to   space 10240K, 0% used [0x00000000db580000,0x00000000db580000,0x00000000dbf80000)
 ParOldGen       total 57344K, used 6994K [0x0000000081e00000, 0x0000000085600000, 0x00000000d5f80000)
  object space 57344K, 12% used [0x0000000081e00000,0x00000000824d4ba8,0x0000000085600000)
 Metaspace       used 32227K, capacity 33472K, committed 33664K, reserved 1079296K
  class space    used 3878K, capacity 4178K, committed 4224K, reserved 1048576K
}

Deoptimization events (10 events):
Event: 13.484 Thread 0x0000000019b38000 Uncommon trap: reason=unstable_if action=reinterpret pc=0x00000000033c23ac method=java.util.HashMap.hash(Ljava/lang/Object;)I @ 1
Event: 13.641 Thread 0x0000000019b38000 Uncommon trap: reason=bimorphic action=maybe_recompile pc=0x00000000032e91f0 method=java.io.DataInputStream.readInt()I @ 4
Event: 13.643 Thread 0x0000000019b38000 Uncommon trap: reason=class_check action=maybe_recompile pc=0x00000000035d95f0 method=java.io.DataInputStream.readUnsignedShort()I @ 4
Event: 13.643 Thread 0x0000000019b38000 Uncommon trap: reason=class_check action=maybe_recompile pc=0x00000000035d95f0 method=java.io.DataInputStream.readUnsignedShort()I @ 4
Event: 13.643 Thread 0x0000000019b38000 Uncommon trap: reason=class_check action=maybe_recompile pc=0x00000000035d95f0 method=java.io.DataInputStream.readUnsignedShort()I @ 4
Event: 13.643 Thread 0x0000000019b38000 Uncommon trap: reason=class_check action=maybe_recompile pc=0x00000000035d95f0 method=java.io.DataInputStream.readUnsignedShort()I @ 4
Event: 13.829 Thread 0x0000000019b38000 Uncommon trap: reason=bimorphic action=maybe_recompile pc=0x00000000032e91f0 method=java.io.DataInputStream.readInt()I @ 4
Event: 13.829 Thread 0x0000000019b38000 Uncommon trap: reason=bimorphic action=maybe_recompile pc=0x00000000032e91f0 method=java.io.DataInputStream.readInt()I @ 4
Event: 13.832 Thread 0x0000000019b38000 Uncommon trap: reason=bimorphic action=maybe_recompile pc=0x00000000032e91f0 method=java.io.DataInputStream.readInt()I @ 4
Event: 13.881 Thread 0x0000000019b38000 Uncommon trap: reason=unstable_if action=reinterpret pc=0x000000000351b29c method=java.lang.ThreadLocal$ThreadLocalMap.getEntry(Ljava/lang/ThreadLocal;)Ljava/lang/ThreadLocal$ThreadLocalMap$Entry; @ 29

Classes redefined (0 events):
No events

Internal exceptions (10 events):
Event: 13.580 Thread 0x0000000019b38000 Exception <a 'java/security/PrivilegedActionException'> (0x00000000d88459d8) thrown at [C:\re\workspace\8-2-build-windows-amd64-cygwin\jdk8u202\12323\hotspot\src\share\vm\prims\jvm.cpp, line 1502]
Event: 13.580 Thread 0x0000000019b38000 Exception <a 'java/security/PrivilegedActionException'> (0x00000000d8845fb8) thrown at [C:\re\workspace\8-2-build-windows-amd64-cygwin\jdk8u202\12323\hotspot\src\share\vm\prims\jvm.cpp, line 1502]
Event: 13.581 Thread 0x0000000019b38000 Exception <a 'java/security/PrivilegedActionException'> (0x00000000d8864e98) thrown at [C:\re\workspace\8-2-build-windows-amd64-cygwin\jdk8u202\12323\hotspot\src\share\vm\prims\jvm.cpp, line 1502]
Event: 13.581 Thread 0x0000000019b38000 Exception <a 'java/security/PrivilegedActionException'> (0x00000000d8865478) thrown at [C:\re\workspace\8-2-build-windows-amd64-cygwin\jdk8u202\12323\hotspot\src\share\vm\prims\jvm.cpp, line 1502]
Event: 13.583 Thread 0x0000000019b38000 Exception <a 'java/security/PrivilegedActionException'> (0x00000000d8871c78) thrown at [C:\re\workspace\8-2-build-windows-amd64-cygwin\jdk8u202\12323\hotspot\src\share\vm\prims\jvm.cpp, line 1502]
Event: 13.583 Thread 0x0000000019b38000 Exception <a 'java/security/PrivilegedActionException'> (0x00000000d8872440) thrown at [C:\re\workspace\8-2-build-windows-amd64-cygwin\jdk8u202\12323\hotspot\src\share\vm\prims\jvm.cpp, line 1502]
Event: 13.584 Thread 0x0000000019b38000 Exception <a 'java/security/PrivilegedActionException'> (0x00000000d887ec80) thrown at [C:\re\workspace\8-2-build-windows-amd64-cygwin\jdk8u202\12323\hotspot\src\share\vm\prims\jvm.cpp, line 1502]
Event: 13.584 Thread 0x0000000019b38000 Exception <a 'java/security/PrivilegedActionException'> (0x00000000d887f260) thrown at [C:\re\workspace\8-2-build-windows-amd64-cygwin\jdk8u202\12323\hotspot\src\share\vm\prims\jvm.cpp, line 1502]
Event: 13.584 Thread 0x0000000019b38000 Exception <a 'java/security/PrivilegedActionException'> (0x00000000d888c0d0) thrown at [C:\re\workspace\8-2-build-windows-amd64-cygwin\jdk8u202\12323\hotspot\src\share\vm\prims\jvm.cpp, line 1502]
Event: 13.584 Thread 0x0000000019b38000 Exception <a 'java/security/PrivilegedActionException'> (0x00000000d888c898) thrown at [C:\re\workspace\8-2-build-windows-amd64-cygwin\jdk8u202\12323\hotspot\src\share\vm\prims\jvm.cpp, line 1502]

Events (10 events):
Event: 14.289 loading class org/apache/xmlbeans/impl/store/Saver$FilterSaveCur
Event: 14.289 loading class org/apache/xmlbeans/impl/store/Saver$FilterSaveCur done
Event: 14.290 loading class org/apache/xmlbeans/impl/store/Saver$PrettySaveCur
Event: 14.290 loading class org/apache/xmlbeans/impl/store/Saver$PrettySaveCur done
Event: 14.294 loading class java/util/ConcurrentModificationException
Event: 14.295 loading class java/util/ConcurrentModificationException done
Event: 14.329 loading class org/apache/xmlbeans/impl/store/Saver$SynthNamespaceSaver
Event: 14.329 loading class org/apache/xmlbeans/impl/store/Saver$SynthNamespaceSaver done
Event: 14.351 loading class org/openxmlformats/schemas/spreadsheetml/x2006/main/WorkbookDocument$Factory
Event: 14.351 loading class org/openxmlformats/schemas/spreadsheetml/x2006/main/WorkbookDocument$Factory done


Dynamic libraries:
0x00007ff6539a0000 - 0x00007ff6539d7000 	C:\Program Files\Java\jdk1.8.0_202\bin\java.exe
0x00007ff9a7b30000 - 0x00007ff9a7d28000 	C:\Windows\SYSTEM32\ntdll.dll
0x00007ff993310000 - 0x00007ff99332a000 	C:\Program Files\AVG\Antivirus\aswhook.dll
0x00007ff9a7320000 - 0x00007ff9a73e1000 	C:\Windows\System32\KERNEL32.DLL
0x00007ff9a5520000 - 0x00007ff9a581d000 	C:\Windows\System32\KERNELBASE.dll
0x00007ff9a2380000 - 0x00007ff9a2414000 	C:\Windows\SYSTEM32\apphelp.dll
0x00007ff9a5b60000 - 0x00007ff9a5c10000 	C:\Windows\System32\ADVAPI32.dll
0x00007ff9a74d0000 - 0x00007ff9a756e000 	C:\Windows\System32\msvcrt.dll
0x00007ff9a6890000 - 0x00007ff9a6930000 	C:\Windows\System32\sechost.dll
0x00007ff9a6e50000 - 0x00007ff9a6f73000 	C:\Windows\System32\RPCRT4.dll
0x00007ff9a5230000 - 0x00007ff9a5257000 	C:\Windows\System32\bcrypt.dll
0x00007ff9a75d0000 - 0x00007ff9a776d000 	C:\Windows\System32\USER32.dll
0x00007ff9a54f0000 - 0x00007ff9a5512000 	C:\Windows\System32\win32u.dll
0x00007ff9a5c10000 - 0x00007ff9a5c3b000 	C:\Windows\System32\GDI32.dll
0x00007ff9a5a40000 - 0x00007ff9a5b57000 	C:\Windows\System32\gdi32full.dll
0x00007ff9a5260000 - 0x00007ff9a52fd000 	C:\Windows\System32\msvcp_win.dll
0x00007ff9a5820000 - 0x00007ff9a5920000 	C:\Windows\System32\ucrtbase.dll
0x00007ff98f7d0000 - 0x00007ff98fa6a000 	C:\Windows\WinSxS\amd64_microsoft.windows.common-controls_6595b64144ccf1df_6.0.19041.4355_none_60b8b9eb71f62e16\COMCTL32.dll
0x00007ff9a6560000 - 0x00007ff9a658f000 	C:\Windows\System32\IMM32.DLL
0x0000000073300000 - 0x00000000733d2000 	C:\Program Files\Java\jdk1.8.0_202\jre\bin\msvcr100.dll
0x0000000072a50000 - 0x00000000732f5000 	C:\Program Files\Java\jdk1.8.0_202\jre\bin\server\jvm.dll
0x00007ff9a6590000 - 0x00007ff9a6598000 	C:\Windows\System32\PSAPI.DLL
0x00007ff999fc0000 - 0x00007ff999fc9000 	C:\Windows\SYSTEM32\WSOCK32.dll
0x00007ff99f900000 - 0x00007ff99f90a000 	C:\Windows\SYSTEM32\VERSION.dll
0x00007ff982660000 - 0x00007ff982687000 	C:\Windows\SYSTEM32\WINMM.dll
0x00007ff9a7050000 - 0x00007ff9a70bb000 	C:\Windows\System32\WS2_32.dll
0x00007ff9a2e00000 - 0x00007ff9a2e0f000 	C:\Program Files\Java\jdk1.8.0_202\jre\bin\verify.dll
0x00007ff99e840000 - 0x00007ff99e869000 	C:\Program Files\Java\jdk1.8.0_202\jre\bin\java.dll
0x00007ff99c830000 - 0x00007ff99c853000 	C:\Program Files\Java\jdk1.8.0_202\jre\bin\instrument.dll
0x00007ff99d970000 - 0x00007ff99d986000 	C:\Program Files\Java\jdk1.8.0_202\jre\bin\zip.dll
0x00007ff9a5df0000 - 0x00007ff9a655f000 	C:\Windows\System32\SHELL32.dll
0x00007ff9a3150000 - 0x00007ff9a38ef000 	C:\Windows\SYSTEM32\windows.storage.dll
0x00007ff9a7790000 - 0x00007ff9a7ae3000 	C:\Windows\System32\combase.dll
0x00007ff9a4b90000 - 0x00007ff9a4bbe000 	C:\Windows\SYSTEM32\Wldp.dll
0x00007ff9a6f80000 - 0x00007ff9a704d000 	C:\Windows\System32\OLEAUT32.dll
0x00007ff9a70c0000 - 0x00007ff9a716d000 	C:\Windows\System32\SHCORE.dll
0x00007ff9a7570000 - 0x00007ff9a75c5000 	C:\Windows\System32\shlwapi.dll
0x00007ff9a5110000 - 0x00007ff9a5134000 	C:\Windows\SYSTEM32\profapi.dll
0x00007ff99c810000 - 0x00007ff99c82a000 	C:\Program Files\JetBrains\IntelliJ IDEA Community Edition 2024.2.1\bin\breakgen64.dll
0x00007ff99c7f0000 - 0x00007ff99c80a000 	C:\Program Files\Java\jdk1.8.0_202\jre\bin\net.dll
0x00007ff992f20000 - 0x00007ff99310c000 	C:\Windows\SYSTEM32\urlmon.dll
0x00007ff996670000 - 0x00007ff996698000 	C:\Windows\SYSTEM32\srvcli.dll
0x00007ff98e800000 - 0x00007ff98eabe000 	C:\Windows\SYSTEM32\iertutil.dll
0x00007ff9a4730000 - 0x00007ff9a473c000 	C:\Windows\SYSTEM32\netutils.dll
0x00007ff9a48f0000 - 0x00007ff9a495a000 	C:\Windows\system32\mswsock.dll
0x00007ff998bf0000 - 0x00007ff998c14000 	C:\Program Files\Java\jdk1.8.0_202\jre\bin\sunec.dll
0x00007ff9a45d0000 - 0x00007ff9a460b000 	C:\Windows\SYSTEM32\IPHLPAPI.DLL
0x00007ff9a7170000 - 0x00007ff9a7178000 	C:\Windows\System32\NSI.dll
0x00007ff99ce00000 - 0x00007ff99ce17000 	C:\Windows\SYSTEM32\dhcpcsvc6.DLL
0x00007ff99d930000 - 0x00007ff99d94d000 	C:\Windows\SYSTEM32\dhcpcsvc.DLL
0x00007ff9a4610000 - 0x00007ff9a46da000 	C:\Windows\SYSTEM32\DNSAPI.dll
0x00007ff99b730000 - 0x00007ff99b742000 	C:\Program Files\Java\jdk1.8.0_202\jre\bin\nio.dll
0x00007ff9a4af0000 - 0x00007ff9a4b08000 	C:\Windows\SYSTEM32\CRYPTSP.dll
0x00007ff9a41b0000 - 0x00007ff9a41e4000 	C:\Windows\system32\rsaenh.dll
0x00007ff9a5080000 - 0x00007ff9a50ae000 	C:\Windows\SYSTEM32\USERENV.dll
0x00007ff9a5460000 - 0x00007ff9a54e2000 	C:\Windows\System32\bcryptprimitives.dll
0x00007ff9a4ae0000 - 0x00007ff9a4aec000 	C:\Windows\SYSTEM32\CRYPTBASE.dll
0x00007ff99fac0000 - 0x00007ff99facb000 	C:\Program Files\Java\jdk1.8.0_202\jre\bin\sunmscapi.dll
0x00007ff9a5300000 - 0x00007ff9a545e000 	C:\Windows\System32\CRYPT32.dll
0x00007ff99aaa0000 - 0x00007ff99aaaa000 	C:\Windows\System32\rasadhlp.dll
0x00007ff99abd0000 - 0x00007ff99ac50000 	C:\Windows\System32\fwpuclnt.dll
0x00007ff9815d0000 - 0x00007ff9815e7000 	C:\Windows\system32\napinsp.dll
0x00007ff9815f0000 - 0x00007ff98160b000 	C:\Windows\system32\pnrpnsp.dll
0x00007ff99ffe0000 - 0x00007ff99fff5000 	C:\Windows\system32\wshbth.dll
0x00007ff99e3d0000 - 0x00007ff99e3ed000 	C:\Windows\system32\NLAapi.dll
0x00007ff981620000 - 0x00007ff981632000 	C:\Windows\System32\winrnr.dll
0x00007ff99f290000 - 0x00007ff99f29d000 	C:\Program Files\Java\jdk1.8.0_202\jre\bin\management.dll

VM Arguments:
jvm_args: -ea -javaagent:C:\Users\Lenovo\.m2\repository/org/aspectj/aspectjweaver/1.8.10/aspectjweaver-1.8.10.jar -Dcucumber.options=--plugin io.qameta.allure.cucumber6Jvm.AllureCucumber6Jvm -Didea.test.cyclic.buffer.size=1048576 -javaagent:C:\Program Files\JetBrains\IntelliJ IDEA Community Edition 2024.2.1\lib\idea_rt.jar=53955:C:\Program Files\JetBrains\IntelliJ IDEA Community Edition 2024.2.1\bin -Dfile.encoding=UTF-8 
java_command: com.intellij.rt.testng.RemoteTestNGStarter -usedefaultlisteners false -socket53953 @w@C:\Users\Lenovo\AppData\Local\Temp\idea_working_dirs_testng.tmp -temp C:\Users\Lenovo\AppData\Local\Temp\idea_testng.tmp
java_class_path (initial): C:\Program Files\JetBrains\IntelliJ IDEA Community Edition 2024.2.1\lib\idea_rt.jar;C:\Program Files\JetBrains\IntelliJ IDEA Community Edition 2024.2.1\plugins\testng\lib\testng-rt.jar;C:\Program Files\Java\jdk1.8.0_202\jre\lib\charsets.jar;C:\Program Files\Java\jdk1.8.0_202\jre\lib\deploy.jar;C:\Program Files\Java\jdk1.8.0_202\jre\lib\ext\access-bridge-64.jar;C:\Program Files\Java\jdk1.8.0_202\jre\lib\ext\cldrdata.jar;C:\Program Files\Java\jdk1.8.0_202\jre\lib\ext\dnsns.jar;C:\Program Files\Java\jdk1.8.0_202\jre\lib\ext\jaccess.jar;C:\Program Files\Java\jdk1.8.0_202\jre\lib\ext\jfxrt.jar;C:\Program Files\Java\jdk1.8.0_202\jre\lib\ext\localedata.jar;C:\Program Files\Java\jdk1.8.0_202\jre\lib\ext\nashorn.jar;C:\Program Files\Java\jdk1.8.0_202\jre\lib\ext\sunec.jar;C:\Program Files\Java\jdk1.8.0_202\jre\lib\ext\sunjce_provider.jar;C:\Program Files\Java\jdk1.8.0_202\jre\lib\ext\sunmscapi.jar;C:\Program Files\Java\jdk1.8.0_202\jre\lib\ext\sunpkcs11.jar;C:\Program Files\Java\jdk1.8.0_202\jre\lib\ext\zipfs.jar;C:\Program Files\Java\jdk1.8.0_202\jre\lib\javaws.jar;C:\Program Files\Java\jdk1.8.0_202\jre\lib\jce.jar;C:\Program Files\Java\jdk1.8.0_202\jre\lib\jfr.jar;C:\Program Files\Java\jdk1.8.0_202\jre\lib\jfxswt.jar;C:\Program Files\Java\jdk1.8.0_202\jre\lib\jsse.jar;C:\Program Files\Java\jdk1.8.0_202\jre\lib\management-agent.jar;C:\Program Files\Java\jdk1.8.0_202\jre\lib\plugin.jar;C:\Program Files\Java\jdk1.8.0_202\jre\lib\resources.jar;C:\Program Files\Java\jdk1.8.0_202\jre\lib\rt.jar;C:\Users\Lenovo\Desktop\QAprojekti\Automation_projekti\iponhu\target\test-classes;C:\Users\Lenovo\Desktop\QAprojekti\Automation_projekti\iponhu\target\classes;C:\Users\Lenovo\.m2\repository\org\seleniumhq\selenium\selenium-java\3.141.59\selenium-java-3.141.59.jar;C:\Users\Lenovo\.m2\repository\org\seleniumhq\selenium\selenium-api\3.141.59\selenium-api-3.141.59.jar;C:\Users\Lenovo\.m2\repository\org\seleniumhq\selenium\selenium-chrome-driver\3.141.59\selenium-c
Launcher Type: SUN_STANDARD

Environment Variables:
JAVA_HOME=C:\Program Files\Java\jdk-17
PATH=C:\Program Files (x86)\Common Files\Oracle\Java\javapath;C:\Program Files\Common Files\Oracle\Java\javapath;C:\Windows\system32;C:\Windows;C:\Windows\System32\Wbem;C:\Windows\System32\WindowsPowerShell\v1.0\;C:\Windows\System32\OpenSSH\;C:\Program Files\Git\cmd;c:\Program Files (x86)\Intel\Intel(R) Management Engine Components\DAL;c:\Program Files\Intel\Intel(R) Management Engine Components\DAL;C:\Users\Lenovo\AppData\Local\Microsoft\WindowsApps;C:\Program Files\JetBrains\IntelliJ IDEA Community Edition 2022.2.1\bin;;C:\Users\Lenovo\Desktop\QAprojekti\apache-maven-3.8.6\bin;C:\Users\Lenovo\Desktop\QAprojekti\allure-2.13.8\bin;
USERNAME=Lenovo
OS=Windows_NT
PROCESSOR_IDENTIFIER=Intel64 Family 6 Model 78 Stepping 3, GenuineIntel



---------------  S Y S T E M  ---------------

OS: Windows 10.0 , 64 bit Build 19041 (10.0.19041.4717)

CPU:total 4 (initial active 4) (2 cores per cpu, 2 threads per core) family 6 model 78 stepping 3, cmov, cx8, fxsr, mmx, sse, sse2, sse3, ssse3, sse4.1, sse4.2, popcnt, avx, avx2, aes, clmul, erms, rtm, 3dnowpref, lzcnt, ht, tsc, tscinvbit, bmi1, bmi2, adx

Memory: 4k page, physical 8265504k(393128k free), swap 21069852k(16732k free)

vm_info: Java HotSpot(TM) 64-Bit Server VM (25.202-b08) for windows-amd64 JRE (1.8.0_202-b08), built on Dec 15 2018 19:54:30 by "java_re" with MS VC++ 10.0 (VS2010)

time: Tue Sep 10 20:18:49 2024
timezone: Central Europe Daylight Time
elapsed time: 16 seconds (0d 0h 0m 16s)

